

Started GET "/" for ::1 at 2016-03-23 13:40:49 +0700
Processing by WelcomeController#index as HTML
  Rendered welcome/index.html.erb within layouts/application (2.7ms)
Completed 200 OK in 4988ms (Views: 4976.0ms | ActiveRecord: 0.0ms)


Started GET "/assets/main.self-c83fab2bd6f8b6a38acdd87f7f874690f24586f29075104daa938e6f261e28ab.css?body=1" for ::1 at 2016-03-23 13:40:55 +0700


Started GET "/" for ::1 at 2016-03-23 13:41:57 +0700
Processing by WelcomeController#index as HTML
  Rendered welcome/index.html.erb within layouts/application (2.8ms)
Completed 200 OK in 102ms (Views: 94.3ms | ActiveRecord: 0.0ms)


Started GET "/assets/main.self-c83fab2bd6f8b6a38acdd87f7f874690f24586f29075104daa938e6f261e28ab.css?body=1" for ::1 at 2016-03-23 13:41:57 +0700


Started GET "/assets/application.self-e80e8f2318043e8af94dddc2adad5a4f09739a8ebb323b3ab31cd71d45fd9113.css?body=1" for ::1 at 2016-03-23 13:41:57 +0700


Started GET "/assets/jquery.self-660adc51e0224b731d29f575a6f1ec167ba08ad06ed5deca4f1e8654c135bf4c.js?body=1" for ::1 at 2016-03-23 13:41:57 +0700


Started GET "/assets/jquery_ujs.self-e87806d0cf4489aeb1bb7288016024e8de67fd18db693fe026fe3907581e53cd.js?body=1" for ::1 at 2016-03-23 13:41:57 +0700


Started GET "/assets/turbolinks.self-c37727e9bd6b2735da5c311aa83fead54ed0be6cc8bd9a65309e9c5abe2cbfff.js?body=1" for ::1 at 2016-03-23 13:41:57 +0700


Started GET "/assets/application.self-3b8dabdc891efe46b9a144b400ad69e37d7e5876bdc39dee783419a69d7ca819.js?body=1" for ::1 at 2016-03-23 13:41:57 +0700
  [1m[36m (2.2ms)[0m  [1mCREATE TABLE "schema_migrations" ("version" varchar NOT NULL) [0m
  [1m[35m (0.7ms)[0m  select sqlite_version(*)
  [1m[36m (1.1ms)[0m  [1mCREATE UNIQUE INDEX "unique_schema_migrations" ON "schema_migrations" ("version")[0m
  [1m[35mActiveRecord::SchemaMigration Load (0.1ms)[0m  SELECT "schema_migrations".* FROM "schema_migrations"


Started GET "/" for ::1 at 2016-03-23 14:07:25 +0700
Processing by WelcomeController#index as HTML
  Rendered welcome/index.html.erb within layouts/application (2.1ms)
Completed 200 OK in 108ms (Views: 103.0ms | ActiveRecord: 0.0ms)


Started GET "/assets/main.self-c83fab2bd6f8b6a38acdd87f7f874690f24586f29075104daa938e6f261e28ab.css?body=1" for ::1 at 2016-03-23 14:07:26 +0700


Started GET "/assets/application.self-e80e8f2318043e8af94dddc2adad5a4f09739a8ebb323b3ab31cd71d45fd9113.css?body=1" for ::1 at 2016-03-23 14:07:26 +0700


Started GET "/assets/jquery_ujs.self-e87806d0cf4489aeb1bb7288016024e8de67fd18db693fe026fe3907581e53cd.js?body=1" for ::1 at 2016-03-23 14:07:26 +0700


Started GET "/assets/jquery.self-660adc51e0224b731d29f575a6f1ec167ba08ad06ed5deca4f1e8654c135bf4c.js?body=1" for ::1 at 2016-03-23 14:07:26 +0700


Started GET "/assets/turbolinks.self-c37727e9bd6b2735da5c311aa83fead54ed0be6cc8bd9a65309e9c5abe2cbfff.js?body=1" for ::1 at 2016-03-23 14:07:26 +0700


Started GET "/assets/application.self-3b8dabdc891efe46b9a144b400ad69e37d7e5876bdc39dee783419a69d7ca819.js?body=1" for ::1 at 2016-03-23 14:07:26 +0700
  [1m[36mActiveRecord::SchemaMigration Load (0.6ms)[0m  [1mSELECT "schema_migrations".* FROM "schema_migrations"[0m
Migrating to CreateAchievements (20160323072020)
  [1m[35m (0.1ms)[0m  begin transaction
  [1m[36m (0.6ms)[0m  [1mCREATE TABLE "achievements" ("id" INTEGER PRIMARY KEY AUTOINCREMENT NOT NULL, "title" varchar, "description" text, "privacy" integer, "featured" boolean, "cover_image" varchar, "created_at" datetime NOT NULL, "updated_at" datetime NOT NULL) [0m
  [1m[35mSQL (0.2ms)[0m  INSERT INTO "schema_migrations" ("version") VALUES (?)  [["version", "20160323072020"]]
  [1m[36m (1.1ms)[0m  [1mcommit transaction[0m
  [1m[35mActiveRecord::SchemaMigration Load (1.6ms)[0m  SELECT "schema_migrations".* FROM "schema_migrations"


Started GET "/" for ::1 at 2016-03-23 14:30:50 +0700
  [1m[36mActiveRecord::SchemaMigration Load (0.2ms)[0m  [1mSELECT "schema_migrations".* FROM "schema_migrations"[0m
Processing by WelcomeController#index as HTML
  Rendered welcome/index.html.erb within layouts/application (0.4ms)
Completed 200 OK in 117ms (Views: 113.3ms | ActiveRecord: 0.0ms)


Started GET "/achievements/new" for ::1 at 2016-03-23 14:30:52 +0700
Processing by AchievementsController#new as HTML
  Rendered achievements/new.html.erb within layouts/application (136.0ms)
Completed 500 Internal Server Error in 167ms (ActiveRecord: 0.5ms)

ActionView::Template::Error (undefined method `simple_form_for' for #<#<Class:0x00000109dc05f0>:0x000001077bbbe8>):
    1: <%= simple_form_for @achievement do |f| %>
    2:   <%= f.input :title %>
    3:   <%= f.input :description %>
    4:   <%= f.input :privacy, colletion: Hash[Achievement.privacies.map { |k,v| [ k.split('_').first.capitalize, k ]}] %>
  app/views/achievements/new.html.erb:1:in `_app_views_achievements_new_html_erb__1993995813810510058_2210255960'


  Rendered /Users/michaellon/.rvm/gems/ruby-2.1.1/gems/actionpack-4.2.3/lib/action_dispatch/middleware/templates/rescues/_source.erb (6.5ms)
  Rendered /Users/michaellon/.rvm/gems/ruby-2.1.1/gems/actionpack-4.2.3/lib/action_dispatch/middleware/templates/rescues/_trace.html.erb (145.1ms)
  Rendered /Users/michaellon/.rvm/gems/ruby-2.1.1/gems/actionpack-4.2.3/lib/action_dispatch/middleware/templates/rescues/_request_and_response.html.erb (1.6ms)
  Rendered /Users/michaellon/.rvm/gems/ruby-2.1.1/gems/actionpack-4.2.3/lib/action_dispatch/middleware/templates/rescues/template_error.html.erb within rescues/layout (176.1ms)
  Rendered /Users/michaellon/.rvm/gems/ruby-2.1.1/gems/web-console-2.3.0/lib/web_console/templates/_markup.html.erb (0.4ms)
  Rendered /Users/michaellon/.rvm/gems/ruby-2.1.1/gems/web-console-2.3.0/lib/web_console/templates/_inner_console_markup.html.erb within layouts/inlined_string (0.4ms)
  Rendered /Users/michaellon/.rvm/gems/ruby-2.1.1/gems/web-console-2.3.0/lib/web_console/templates/_prompt_box_markup.html.erb within layouts/inlined_string (0.4ms)
  Rendered /Users/michaellon/.rvm/gems/ruby-2.1.1/gems/web-console-2.3.0/lib/web_console/templates/style.css.erb within layouts/inlined_string (0.5ms)
  Rendered /Users/michaellon/.rvm/gems/ruby-2.1.1/gems/web-console-2.3.0/lib/web_console/templates/console.js.erb within layouts/javascript (47.6ms)
  Rendered /Users/michaellon/.rvm/gems/ruby-2.1.1/gems/web-console-2.3.0/lib/web_console/templates/main.js.erb within layouts/javascript (0.4ms)
  Rendered /Users/michaellon/.rvm/gems/ruby-2.1.1/gems/web-console-2.3.0/lib/web_console/templates/error_page.js.erb within layouts/javascript (0.5ms)
  Rendered /Users/michaellon/.rvm/gems/ruby-2.1.1/gems/web-console-2.3.0/lib/web_console/templates/index.html.erb (86.7ms)


Started GET "/achievements/new" for ::1 at 2016-03-23 14:30:53 +0700
Processing by AchievementsController#new as HTML
  Rendered achievements/new.html.erb within layouts/application (84.1ms)
Completed 500 Internal Server Error in 87ms (ActiveRecord: 0.0ms)

ActionView::Template::Error (undefined method `simple_form_for' for #<#<Class:0x00000109dc05f0>:0x000001061f3388>):
    1: <%= simple_form_for @achievement do |f| %>
    2:   <%= f.input :title %>
    3:   <%= f.input :description %>
    4:   <%= f.input :privacy, colletion: Hash[Achievement.privacies.map { |k,v| [ k.split('_').first.capitalize, k ]}] %>
  app/views/achievements/new.html.erb:1:in `_app_views_achievements_new_html_erb__1993995813810510058_2198849820'


  Rendered /Users/michaellon/.rvm/gems/ruby-2.1.1/gems/actionpack-4.2.3/lib/action_dispatch/middleware/templates/rescues/_source.erb (7.2ms)
  Rendered /Users/michaellon/.rvm/gems/ruby-2.1.1/gems/actionpack-4.2.3/lib/action_dispatch/middleware/templates/rescues/_trace.html.erb (3.7ms)
  Rendered /Users/michaellon/.rvm/gems/ruby-2.1.1/gems/actionpack-4.2.3/lib/action_dispatch/middleware/templates/rescues/_request_and_response.html.erb (1.1ms)
  Rendered /Users/michaellon/.rvm/gems/ruby-2.1.1/gems/actionpack-4.2.3/lib/action_dispatch/middleware/templates/rescues/template_error.html.erb within rescues/layout (29.3ms)
  Rendered /Users/michaellon/.rvm/gems/ruby-2.1.1/gems/web-console-2.3.0/lib/web_console/templates/_markup.html.erb (0.6ms)
  Rendered /Users/michaellon/.rvm/gems/ruby-2.1.1/gems/web-console-2.3.0/lib/web_console/templates/_inner_console_markup.html.erb within layouts/inlined_string (0.4ms)
  Rendered /Users/michaellon/.rvm/gems/ruby-2.1.1/gems/web-console-2.3.0/lib/web_console/templates/_prompt_box_markup.html.erb within layouts/inlined_string (1.4ms)
  Rendered /Users/michaellon/.rvm/gems/ruby-2.1.1/gems/web-console-2.3.0/lib/web_console/templates/style.css.erb within layouts/inlined_string (0.6ms)
  Rendered /Users/michaellon/.rvm/gems/ruby-2.1.1/gems/web-console-2.3.0/lib/web_console/templates/console.js.erb within layouts/javascript (28.7ms)
  Rendered /Users/michaellon/.rvm/gems/ruby-2.1.1/gems/web-console-2.3.0/lib/web_console/templates/main.js.erb within layouts/javascript (1.2ms)
  Rendered /Users/michaellon/.rvm/gems/ruby-2.1.1/gems/web-console-2.3.0/lib/web_console/templates/error_page.js.erb within layouts/javascript (0.5ms)
  Rendered /Users/michaellon/.rvm/gems/ruby-2.1.1/gems/web-console-2.3.0/lib/web_console/templates/index.html.erb (56.4ms)


Started GET "/achievements/new" for ::1 at 2016-03-23 14:31:43 +0700
  [1m[36mActiveRecord::SchemaMigration Load (0.1ms)[0m  [1mSELECT "schema_migrations".* FROM "schema_migrations"[0m
Processing by AchievementsController#new as HTML
  Rendered achievements/new.html.erb within layouts/application (94.6ms)
Completed 200 OK in 564ms (Views: 540.0ms | ActiveRecord: 0.4ms)


Started GET "/assets/main.self-c83fab2bd6f8b6a38acdd87f7f874690f24586f29075104daa938e6f261e28ab.css?body=1" for ::1 at 2016-03-23 14:31:44 +0700


Started GET "/assets/application.self-e80e8f2318043e8af94dddc2adad5a4f09739a8ebb323b3ab31cd71d45fd9113.css?body=1" for ::1 at 2016-03-23 14:31:44 +0700


Started GET "/assets/jquery.self-660adc51e0224b731d29f575a6f1ec167ba08ad06ed5deca4f1e8654c135bf4c.js?body=1" for ::1 at 2016-03-23 14:31:44 +0700


Started GET "/assets/jquery_ujs.self-e87806d0cf4489aeb1bb7288016024e8de67fd18db693fe026fe3907581e53cd.js?body=1" for ::1 at 2016-03-23 14:31:44 +0700


Started GET "/assets/turbolinks.self-c37727e9bd6b2735da5c311aa83fead54ed0be6cc8bd9a65309e9c5abe2cbfff.js?body=1" for ::1 at 2016-03-23 14:31:44 +0700


Started GET "/assets/application.self-3b8dabdc891efe46b9a144b400ad69e37d7e5876bdc39dee783419a69d7ca819.js?body=1" for ::1 at 2016-03-23 14:31:44 +0700


Started GET "/achievements/new" for ::1 at 2016-03-23 14:31:56 +0700
Processing by AchievementsController#new as HTML
  Rendered achievements/new.html.erb within layouts/application (8.6ms)
Completed 200 OK in 39ms (Views: 37.2ms | ActiveRecord: 0.0ms)


Started GET "/assets/main.self-c83fab2bd6f8b6a38acdd87f7f874690f24586f29075104daa938e6f261e28ab.css?body=1" for ::1 at 2016-03-23 14:31:56 +0700


Started GET "/assets/application.self-3b8dabdc891efe46b9a144b400ad69e37d7e5876bdc39dee783419a69d7ca819.js?body=1" for ::1 at 2016-03-23 14:31:56 +0700


Started GET "/assets/turbolinks.self-c37727e9bd6b2735da5c311aa83fead54ed0be6cc8bd9a65309e9c5abe2cbfff.js?body=1" for ::1 at 2016-03-23 14:31:56 +0700


Started GET "/assets/jquery_ujs.self-e87806d0cf4489aeb1bb7288016024e8de67fd18db693fe026fe3907581e53cd.js?body=1" for ::1 at 2016-03-23 14:31:56 +0700


Started GET "/assets/jquery.self-660adc51e0224b731d29f575a6f1ec167ba08ad06ed5deca4f1e8654c135bf4c.js?body=1" for ::1 at 2016-03-23 14:31:56 +0700


Started GET "/assets/application.self-e80e8f2318043e8af94dddc2adad5a4f09739a8ebb323b3ab31cd71d45fd9113.css?body=1" for ::1 at 2016-03-23 14:31:56 +0700


Started GET "/achievements/new" for ::1 at 2016-03-23 14:32:29 +0700
Processing by AchievementsController#new as HTML
  Rendered achievements/new.html.erb within layouts/application (15.5ms)
Completed 200 OK in 54ms (Views: 52.7ms | ActiveRecord: 0.0ms)


Started GET "/achievements/new" for ::1 at 2016-03-23 14:51:17 +0700
Processing by AchievementsController#new as HTML
  Rendered achievements/new.html.erb within layouts/application (57.2ms)
Completed 200 OK in 212ms (Views: 148.3ms | ActiveRecord: 4.1ms)


Started GET "/achievements/new" for ::1 at 2016-03-23 14:52:18 +0700
Processing by AchievementsController#new as HTML
  Rendered achievements/new.html.erb within layouts/application (36.0ms)
Completed 200 OK in 100ms (Views: 99.2ms | ActiveRecord: 0.0ms)


Started POST "/achievements" for ::1 at 2016-03-23 14:52:40 +0700
Processing by AchievementsController#create as HTML
  Parameters: {"utf8"=>"✓", "authenticity_token"=>"dqRiYlw+Ns+V7TJ1sqELa8l/SrNTMvVqcqnS4W/4SgKeSQDaA0fsmTZZwHUXvVwOTaIctxhl0RtU/Cxb+ZOLZg==", "achievement"=>{"title"=>"Test Title ", "description"=>"Test Description", "privacy"=>"public_access", "featured"=>"1", "cover_image"=>#<ActionDispatch::Http::UploadedFile:0x00000106f5be08 @tempfile=#<Tempfile:/var/folders/sp/d9hv298n3bvd415sc1xr_9ch0000gp/T/RackMultipart20160323-27935-16glczd.jpg>, @original_filename="Untitled-1.jpg", @content_type="image/jpeg", @headers="Content-Disposition: form-data; name=\"achievement[cover_image]\"; filename=\"Untitled-1.jpg\"\r\nContent-Type: image/jpeg\r\n">}, "commit"=>"Create Achievement"}
  [1m[35m (0.4ms)[0m  begin transaction
  [1m[36mSQL (1.2ms)[0m  [1mINSERT INTO "achievements" ("title", "description", "privacy", "cover_image", "featured", "created_at", "updated_at") VALUES (?, ?, ?, ?, ?, ?, ?)[0m  [["title", "Test Title "], ["description", "Test Description"], ["privacy", 0], ["cover_image", "#<ActionDispatch::Http::UploadedFile:0x00000106f5be08>"], ["featured", "t"], ["created_at", "2016-03-23 07:52:40.511730"], ["updated_at", "2016-03-23 07:52:40.511730"]]
  [1m[35m (7.5ms)[0m  commit transaction
Redirected to http://localhost:3000/
Completed 302 Found in 59ms (ActiveRecord: 9.1ms)


Started GET "/" for ::1 at 2016-03-23 14:52:40 +0700
Processing by WelcomeController#index as HTML
  Rendered welcome/index.html.erb within layouts/application (2.1ms)
Completed 200 OK in 47ms (Views: 45.3ms | ActiveRecord: 0.0ms)
  [1m[36mAchievement Load (0.3ms)[0m  [1mSELECT  "achievements".* FROM "achievements"  ORDER BY "achievements"."id" DESC LIMIT 1[0m


Started GET "/achievements/new" for ::1 at 2016-03-23 14:59:30 +0700
Processing by AchievementsController#new as HTML
  Rendered achievements/new.html.erb within layouts/application (53.0ms)
Completed 200 OK in 147ms (Views: 109.1ms | ActiveRecord: 4.2ms)


Started POST "/achievements" for ::1 at 2016-03-23 14:59:32 +0700
Processing by AchievementsController#create as HTML
  Parameters: {"utf8"=>"✓", "authenticity_token"=>"qJWPe+h7VmNAusIGeotRKg4eAWenCwMRpOYgCq+5L7NAeO3DtwKMNeMOMAbflwZPisNXY+xcJ2CCs96wOdLu1w==", "achievement"=>{"title"=>"", "description"=>"", "privacy"=>"", "featured"=>"0"}, "commit"=>"Create Achievement"}
  [1m[36m (0.2ms)[0m  [1mbegin transaction[0m
  [1m[35m (0.1ms)[0m  rollback transaction
  Rendered achievements/new.html.erb within layouts/application (15.6ms)
Completed 200 OK in 74ms (Views: 67.6ms | ActiveRecord: 0.3ms)


Started GET "/" for ::1 at 2016-03-24 12:19:18 +0700
Processing by WelcomeController#index as HTML
  Rendered welcome/index.html.erb within layouts/application (2.2ms)
Completed 200 OK in 254ms (Views: 238.4ms | ActiveRecord: 0.0ms)


Started GET "/achievements/1" for ::1 at 2016-03-24 13:21:11 +0700
  [1m[36mActiveRecord::SchemaMigration Load (0.5ms)[0m  [1mSELECT "schema_migrations".* FROM "schema_migrations"[0m
Processing by AchievementsController#show as HTML
  Parameters: {"id"=>"1"}
  [1m[35mAchievement Load (0.5ms)[0m  SELECT  "achievements".* FROM "achievements" WHERE "achievements"."id" = ? LIMIT 1  [["id", 1]]
  Rendered achievements/show.html.erb within layouts/application (2.9ms)
Completed 200 OK in 486ms (Views: 438.7ms | ActiveRecord: 1.0ms)


Started GET "/achievements/2" for ::1 at 2016-03-24 13:21:18 +0700
Processing by AchievementsController#show as HTML
  Parameters: {"id"=>"2"}
  [1m[36mAchievement Load (0.1ms)[0m  [1mSELECT  "achievements".* FROM "achievements" WHERE "achievements"."id" = ? LIMIT 1[0m  [["id", 2]]
Completed 404 Not Found in 2ms (ActiveRecord: 0.1ms)

ActiveRecord::RecordNotFound (Couldn't find Achievement with 'id'=2):
  app/controllers/achievements_controller.rb:16:in `show'


  Rendered /Users/michaellon/.rvm/gems/ruby-2.1.1/gems/actionpack-4.2.3/lib/action_dispatch/middleware/templates/rescues/_source.erb (4.8ms)
  Rendered /Users/michaellon/.rvm/gems/ruby-2.1.1/gems/actionpack-4.2.3/lib/action_dispatch/middleware/templates/rescues/_trace.html.erb (2.2ms)
  Rendered /Users/michaellon/.rvm/gems/ruby-2.1.1/gems/actionpack-4.2.3/lib/action_dispatch/middleware/templates/rescues/_request_and_response.html.erb (1.2ms)
  Rendered /Users/michaellon/.rvm/gems/ruby-2.1.1/gems/actionpack-4.2.3/lib/action_dispatch/middleware/templates/rescues/diagnostics.html.erb within rescues/layout (25.7ms)
  Rendered /Users/michaellon/.rvm/gems/ruby-2.1.1/gems/web-console-2.3.0/lib/web_console/templates/_markup.html.erb (0.4ms)
  Rendered /Users/michaellon/.rvm/gems/ruby-2.1.1/gems/web-console-2.3.0/lib/web_console/templates/_inner_console_markup.html.erb within layouts/inlined_string (0.4ms)
  Rendered /Users/michaellon/.rvm/gems/ruby-2.1.1/gems/web-console-2.3.0/lib/web_console/templates/_prompt_box_markup.html.erb within layouts/inlined_string (0.4ms)
  Rendered /Users/michaellon/.rvm/gems/ruby-2.1.1/gems/web-console-2.3.0/lib/web_console/templates/style.css.erb within layouts/inlined_string (0.5ms)
  Rendered /Users/michaellon/.rvm/gems/ruby-2.1.1/gems/web-console-2.3.0/lib/web_console/templates/console.js.erb within layouts/javascript (31.7ms)
  Rendered /Users/michaellon/.rvm/gems/ruby-2.1.1/gems/web-console-2.3.0/lib/web_console/templates/main.js.erb within layouts/javascript (0.4ms)
  Rendered /Users/michaellon/.rvm/gems/ruby-2.1.1/gems/web-console-2.3.0/lib/web_console/templates/error_page.js.erb within layouts/javascript (0.5ms)
  Rendered /Users/michaellon/.rvm/gems/ruby-2.1.1/gems/web-console-2.3.0/lib/web_console/templates/index.html.erb (62.7ms)


Started GET "/achievements/3" for ::1 at 2016-03-24 13:21:22 +0700
Processing by AchievementsController#show as HTML
  Parameters: {"id"=>"3"}
  [1m[35mAchievement Load (0.2ms)[0m  SELECT  "achievements".* FROM "achievements" WHERE "achievements"."id" = ? LIMIT 1  [["id", 3]]
Completed 404 Not Found in 2ms (ActiveRecord: 0.2ms)

ActiveRecord::RecordNotFound (Couldn't find Achievement with 'id'=3):
  app/controllers/achievements_controller.rb:16:in `show'


  Rendered /Users/michaellon/.rvm/gems/ruby-2.1.1/gems/actionpack-4.2.3/lib/action_dispatch/middleware/templates/rescues/_source.erb (4.5ms)
  Rendered /Users/michaellon/.rvm/gems/ruby-2.1.1/gems/actionpack-4.2.3/lib/action_dispatch/middleware/templates/rescues/_trace.html.erb (2.3ms)
  Rendered /Users/michaellon/.rvm/gems/ruby-2.1.1/gems/actionpack-4.2.3/lib/action_dispatch/middleware/templates/rescues/_request_and_response.html.erb (1.0ms)
  Rendered /Users/michaellon/.rvm/gems/ruby-2.1.1/gems/actionpack-4.2.3/lib/action_dispatch/middleware/templates/rescues/diagnostics.html.erb within rescues/layout (20.5ms)
  Rendered /Users/michaellon/.rvm/gems/ruby-2.1.1/gems/web-console-2.3.0/lib/web_console/templates/_markup.html.erb (0.4ms)
  Rendered /Users/michaellon/.rvm/gems/ruby-2.1.1/gems/web-console-2.3.0/lib/web_console/templates/_inner_console_markup.html.erb within layouts/inlined_string (0.3ms)
  Rendered /Users/michaellon/.rvm/gems/ruby-2.1.1/gems/web-console-2.3.0/lib/web_console/templates/_prompt_box_markup.html.erb within layouts/inlined_string (0.3ms)
  Rendered /Users/michaellon/.rvm/gems/ruby-2.1.1/gems/web-console-2.3.0/lib/web_console/templates/style.css.erb within layouts/inlined_string (0.4ms)
  Rendered /Users/michaellon/.rvm/gems/ruby-2.1.1/gems/web-console-2.3.0/lib/web_console/templates/console.js.erb within layouts/javascript (24.9ms)
  Rendered /Users/michaellon/.rvm/gems/ruby-2.1.1/gems/web-console-2.3.0/lib/web_console/templates/main.js.erb within layouts/javascript (0.4ms)
  Rendered /Users/michaellon/.rvm/gems/ruby-2.1.1/gems/web-console-2.3.0/lib/web_console/templates/error_page.js.erb within layouts/javascript (0.5ms)
  Rendered /Users/michaellon/.rvm/gems/ruby-2.1.1/gems/web-console-2.3.0/lib/web_console/templates/index.html.erb (46.1ms)


Started GET "/achievements/1" for ::1 at 2016-03-24 13:21:24 +0700
Processing by AchievementsController#show as HTML
  Parameters: {"id"=>"1"}
  [1m[36mAchievement Load (0.1ms)[0m  [1mSELECT  "achievements".* FROM "achievements" WHERE "achievements"."id" = ? LIMIT 1[0m  [["id", 1]]
  Rendered achievements/show.html.erb within layouts/application (0.1ms)
Completed 200 OK in 45ms (Views: 43.3ms | ActiveRecord: 0.1ms)


Started GET "/achievements/1" for ::1 at 2016-03-24 13:22:20 +0700
Processing by AchievementsController#show as HTML
  Parameters: {"id"=>"1"}
  [1m[35mAchievement Load (0.2ms)[0m  SELECT  "achievements".* FROM "achievements" WHERE "achievements"."id" = ? LIMIT 1  [["id", 1]]
  Rendered achievements/show.html.erb within layouts/application (0.8ms)
Completed 200 OK in 36ms (Views: 35.2ms | ActiveRecord: 0.2ms)
  [1m[36mActiveRecord::SchemaMigration Load (2.0ms)[0m  [1mSELECT "schema_migrations".* FROM "schema_migrations"[0m
Migrating to DeviseCreateUsers (20160324102701)
  [1m[35m (0.1ms)[0m  begin transaction
  [1m[36m (1.0ms)[0m  [1mCREATE TABLE "users" ("id" INTEGER PRIMARY KEY AUTOINCREMENT NOT NULL, "email" varchar DEFAULT '' NOT NULL, "encrypted_password" varchar DEFAULT '' NOT NULL, "reset_password_token" varchar, "reset_password_sent_at" datetime, "remember_created_at" datetime, "sign_in_count" integer DEFAULT 0 NOT NULL, "current_sign_in_at" datetime, "last_sign_in_at" datetime, "current_sign_in_ip" varchar, "last_sign_in_ip" varchar, "created_at" datetime NOT NULL, "updated_at" datetime NOT NULL) [0m
  [1m[35m (0.7ms)[0m  select sqlite_version(*)
  [1m[36m (1.2ms)[0m  [1mCREATE UNIQUE INDEX "index_users_on_email" ON "users" ("email")[0m
  [1m[35m (0.1ms)[0m              SELECT sql
            FROM sqlite_master
            WHERE name='index_users_on_email' AND type='index'
            UNION ALL
            SELECT sql
            FROM sqlite_temp_master
            WHERE name='index_users_on_email' AND type='index'

  [1m[36m (0.2ms)[0m  [1mCREATE UNIQUE INDEX "index_users_on_reset_password_token" ON "users" ("reset_password_token")[0m
  [1m[35mSQL (0.5ms)[0m  INSERT INTO "schema_migrations" ("version") VALUES (?)  [["version", "20160324102701"]]
  [1m[36m (4.5ms)[0m  [1mcommit transaction[0m
  [1m[35mActiveRecord::SchemaMigration Load (0.1ms)[0m  SELECT "schema_migrations".* FROM "schema_migrations"
  [1m[36m (0.1ms)[0m  [1m            SELECT sql
            FROM sqlite_master
            WHERE name='index_users_on_reset_password_token' AND type='index'
            UNION ALL
            SELECT sql
            FROM sqlite_temp_master
            WHERE name='index_users_on_reset_password_token' AND type='index'
[0m
  [1m[35m (0.1ms)[0m              SELECT sql
            FROM sqlite_master
            WHERE name='index_users_on_email' AND type='index'
            UNION ALL
            SELECT sql
            FROM sqlite_temp_master
            WHERE name='index_users_on_email' AND type='index'



Started GET "/achievements/" for ::1 at 2016-03-24 18:11:06 +0700

NoMethodError (undefined method `devise_for' for #<ActionDispatch::Routing::Mapper:0x0000010ab369f0>):
  config/routes.rb:2:in `block in <top (required)>'
  config/routes.rb:1:in `<top (required)>'


  Rendered /Users/michaellon/.rvm/gems/ruby-2.1.1/gems/actionpack-4.2.3/lib/action_dispatch/middleware/templates/rescues/_source.erb (14.7ms)
  Rendered /Users/michaellon/.rvm/gems/ruby-2.1.1/gems/actionpack-4.2.3/lib/action_dispatch/middleware/templates/rescues/_trace.html.erb (10.0ms)
  Rendered /Users/michaellon/.rvm/gems/ruby-2.1.1/gems/actionpack-4.2.3/lib/action_dispatch/middleware/templates/rescues/_request_and_response.html.erb (11.1ms)
  Rendered /Users/michaellon/.rvm/gems/ruby-2.1.1/gems/actionpack-4.2.3/lib/action_dispatch/middleware/templates/rescues/diagnostics.html.erb within rescues/layout (80.9ms)
  Rendered /Users/michaellon/.rvm/gems/ruby-2.1.1/gems/web-console-2.3.0/lib/web_console/templates/_markup.html.erb (0.5ms)
  Rendered /Users/michaellon/.rvm/gems/ruby-2.1.1/gems/web-console-2.3.0/lib/web_console/templates/_inner_console_markup.html.erb within layouts/inlined_string (0.8ms)
  Rendered /Users/michaellon/.rvm/gems/ruby-2.1.1/gems/web-console-2.3.0/lib/web_console/templates/_prompt_box_markup.html.erb within layouts/inlined_string (0.7ms)
  Rendered /Users/michaellon/.rvm/gems/ruby-2.1.1/gems/web-console-2.3.0/lib/web_console/templates/style.css.erb within layouts/inlined_string (7.5ms)
  Rendered /Users/michaellon/.rvm/gems/ruby-2.1.1/gems/web-console-2.3.0/lib/web_console/templates/console.js.erb within layouts/javascript (37.9ms)
  Rendered /Users/michaellon/.rvm/gems/ruby-2.1.1/gems/web-console-2.3.0/lib/web_console/templates/main.js.erb within layouts/javascript (0.5ms)
  Rendered /Users/michaellon/.rvm/gems/ruby-2.1.1/gems/web-console-2.3.0/lib/web_console/templates/error_page.js.erb within layouts/javascript (0.7ms)
  Rendered /Users/michaellon/.rvm/gems/ruby-2.1.1/gems/web-console-2.3.0/lib/web_console/templates/index.html.erb (74.4ms)


Started GET "/" for ::1 at 2016-03-24 18:11:13 +0700
  [1m[36mActiveRecord::SchemaMigration Load (0.5ms)[0m  [1mSELECT "schema_migrations".* FROM "schema_migrations"[0m

ActionController::RoutingError (No route matches [GET] "/"):
  actionpack (4.2.3) lib/action_dispatch/middleware/debug_exceptions.rb:21:in `call'
  web-console (2.3.0) lib/web_console/middleware.rb:28:in `block in call'
  web-console (2.3.0) lib/web_console/middleware.rb:18:in `catch'
  web-console (2.3.0) lib/web_console/middleware.rb:18:in `call'
  actionpack (4.2.3) lib/action_dispatch/middleware/show_exceptions.rb:30:in `call'
  railties (4.2.3) lib/rails/rack/logger.rb:38:in `call_app'
  railties (4.2.3) lib/rails/rack/logger.rb:20:in `block in call'
  activesupport (4.2.3) lib/active_support/tagged_logging.rb:68:in `block in tagged'
  activesupport (4.2.3) lib/active_support/tagged_logging.rb:26:in `tagged'
  activesupport (4.2.3) lib/active_support/tagged_logging.rb:68:in `tagged'
  railties (4.2.3) lib/rails/rack/logger.rb:20:in `call'
  actionpack (4.2.3) lib/action_dispatch/middleware/request_id.rb:21:in `call'
  rack (1.6.4) lib/rack/methodoverride.rb:22:in `call'
  rack (1.6.4) lib/rack/runtime.rb:18:in `call'
  activesupport (4.2.3) lib/active_support/cache/strategy/local_cache_middleware.rb:28:in `call'
  rack (1.6.4) lib/rack/lock.rb:17:in `call'
  actionpack (4.2.3) lib/action_dispatch/middleware/static.rb:116:in `call'
  rack (1.6.4) lib/rack/sendfile.rb:113:in `call'
  railties (4.2.3) lib/rails/engine.rb:518:in `call'
  railties (4.2.3) lib/rails/application.rb:165:in `call'
  rack (1.6.4) lib/rack/content_length.rb:15:in `call'
  puma (3.2.0) lib/puma/configuration.rb:227:in `call'
  puma (3.2.0) lib/puma/server.rb:561:in `handle_request'
  puma (3.2.0) lib/puma/server.rb:406:in `process_client'
  puma (3.2.0) lib/puma/server.rb:271:in `block in run'
  puma (3.2.0) lib/puma/thread_pool.rb:111:in `call'
  puma (3.2.0) lib/puma/thread_pool.rb:111:in `block in spawn_thread'


  Rendered /Users/michaellon/.rvm/gems/ruby-2.1.1/gems/actionpack-4.2.3/lib/action_dispatch/middleware/templates/rescues/_trace.html.erb (3.3ms)
  Rendered /Users/michaellon/.rvm/gems/ruby-2.1.1/gems/actionpack-4.2.3/lib/action_dispatch/middleware/templates/routes/_table.html.erb (49.6ms)
  Rendered /Users/michaellon/.rvm/gems/ruby-2.1.1/gems/actionpack-4.2.3/lib/action_dispatch/middleware/templates/rescues/_request_and_response.html.erb (3.3ms)
  Rendered /Users/michaellon/.rvm/gems/ruby-2.1.1/gems/actionpack-4.2.3/lib/action_dispatch/middleware/templates/rescues/routing_error.html.erb within rescues/layout (72.8ms)
  Rendered /Users/michaellon/.rvm/gems/ruby-2.1.1/gems/web-console-2.3.0/lib/web_console/templates/_markup.html.erb (0.3ms)
  Rendered /Users/michaellon/.rvm/gems/ruby-2.1.1/gems/web-console-2.3.0/lib/web_console/templates/_inner_console_markup.html.erb within layouts/inlined_string (0.3ms)
  Rendered /Users/michaellon/.rvm/gems/ruby-2.1.1/gems/web-console-2.3.0/lib/web_console/templates/_prompt_box_markup.html.erb within layouts/inlined_string (0.4ms)
  Rendered /Users/michaellon/.rvm/gems/ruby-2.1.1/gems/web-console-2.3.0/lib/web_console/templates/style.css.erb within layouts/inlined_string (0.3ms)
  Rendered /Users/michaellon/.rvm/gems/ruby-2.1.1/gems/web-console-2.3.0/lib/web_console/templates/console.js.erb within layouts/javascript (343.7ms)
  Rendered /Users/michaellon/.rvm/gems/ruby-2.1.1/gems/web-console-2.3.0/lib/web_console/templates/main.js.erb within layouts/javascript (0.3ms)
  Rendered /Users/michaellon/.rvm/gems/ruby-2.1.1/gems/web-console-2.3.0/lib/web_console/templates/error_page.js.erb within layouts/javascript (0.4ms)
  Rendered /Users/michaellon/.rvm/gems/ruby-2.1.1/gems/web-console-2.3.0/lib/web_console/templates/index.html.erb (371.5ms)
  [1m[36mActiveRecord::SchemaMigration Load (0.5ms)[0m  [1mSELECT "schema_migrations".* FROM "schema_migrations"[0m
  [1m[35mActiveRecord::SchemaMigration Load (0.1ms)[0m  SELECT "schema_migrations".* FROM "schema_migrations"
  [1m[36m (0.1ms)[0m  [1m            SELECT sql
            FROM sqlite_master
            WHERE name='index_users_on_reset_password_token' AND type='index'
            UNION ALL
            SELECT sql
            FROM sqlite_temp_master
            WHERE name='index_users_on_reset_password_token' AND type='index'
[0m
  [1m[35m (0.2ms)[0m              SELECT sql
            FROM sqlite_master
            WHERE name='index_users_on_email' AND type='index'
            UNION ALL
            SELECT sql
            FROM sqlite_temp_master
            WHERE name='index_users_on_email' AND type='index'

  [1m[36mActiveRecord::SchemaMigration Load (0.5ms)[0m  [1mSELECT "schema_migrations".* FROM "schema_migrations"[0m
Migrating to AddUserToAchievements (20160419111950)
  [1m[35m (0.1ms)[0m  begin transaction
  [1m[36m (1.4ms)[0m  [1mALTER TABLE "achievements" ADD "user_id" integer[0m
  [1m[35m (0.5ms)[0m  select sqlite_version(*)
  [1m[36m (0.6ms)[0m  [1mCREATE  INDEX "index_achievements_on_user_id" ON "achievements" ("user_id")[0m
  [1m[35mSQL (0.4ms)[0m  INSERT INTO "schema_migrations" ("version") VALUES (?)  [["version", "20160419111950"]]
  [1m[36m (0.9ms)[0m  [1mcommit transaction[0m
  [1m[35mActiveRecord::SchemaMigration Load (0.1ms)[0m  SELECT "schema_migrations".* FROM "schema_migrations"
  [1m[36m (0.1ms)[0m  [1m            SELECT sql
            FROM sqlite_master
            WHERE name='index_achievements_on_user_id' AND type='index'
            UNION ALL
            SELECT sql
            FROM sqlite_temp_master
            WHERE name='index_achievements_on_user_id' AND type='index'
[0m
  [1m[35m (0.2ms)[0m              SELECT sql
            FROM sqlite_master
            WHERE name='index_users_on_reset_password_token' AND type='index'
            UNION ALL
            SELECT sql
            FROM sqlite_temp_master
            WHERE name='index_users_on_reset_password_token' AND type='index'

  [1m[36m (0.1ms)[0m  [1m            SELECT sql
            FROM sqlite_master
            WHERE name='index_users_on_email' AND type='index'
            UNION ALL
            SELECT sql
            FROM sqlite_temp_master
            WHERE name='index_users_on_email' AND type='index'
[0m
